<?xml version="1.0" encoding="UTF-8"?>
<!-- Generated by org.testng.reporters.JUnitReportReporter -->
<testsuite name="Day3.PathAndQueryParam" tests="1" time="2.128" ignored="0" failures="0" timestamp="04 Apr 2024 11:31:45 GMT" skipped="0" hostname="LAPTOP-OB639NRA" errors="0">
  <testcase name="pathandquerypara" time="2.128" classname="Day3.PathAndQueryParam"/>
</testsuite> <!-- Day3.PathAndQueryParam -->
