<?xml version="1.0" encoding="UTF-8"?>
<!-- Generated by org.testng.reporters.JUnitReportReporter -->
<testsuite name="Day8_StudentApi.copy.GetUser" tests="1" time="0.125" ignored="0" failures="0" timestamp="13 Apr 2024 11:22:32 GMT" skipped="0" hostname="LAPTOP-OB639NRA" errors="0">
  <testcase name="GetUser1" time="0.125" classname="Day8_StudentApi.copy.GetUser"/>
</testsuite> <!-- Day8_StudentApi.copy.GetUser -->
