<?xml version="1.0" encoding="UTF-8"?>
<!-- Generated by org.testng.reporters.JUnitReportReporter -->
<testsuite name="Day2.CreatePost" tests="1" time="1.862" ignored="0" failures="0" timestamp="13 Apr 2024 10:47:39 GMT" skipped="0" hostname="LAPTOP-OB639NRA" errors="0">
  <testcase name="PostusingHasMap" time="1.862" classname="Day2.CreatePost"/>
</testsuite> <!-- Day2.CreatePost -->
