<?xml version="1.0" encoding="UTF-8"?>
<!-- Generated by org.testng.reporters.JUnitReportReporter -->
<testsuite name="Day6.JSONSchemaValidator" tests="1" time="2.221" ignored="0" failures="0" timestamp="08 Apr 2024 12:55:46 GMT" skipped="0" hostname="LAPTOP-OB639NRA" errors="0">
  <testcase name="xmlSchema" time="2.221" classname="Day6.JSONSchemaValidator"/>
</testsuite> <!-- Day6.JSONSchemaValidator -->
