<?xml version="1.0" encoding="UTF-8"?>
<!-- Generated by org.testng.reporters.JUnitReportReporter -->
<testsuite name="Day1.Day1_Intro" tests="4" time="4.649" ignored="0" failures="0" timestamp="03 Apr 2024 11:14:19 GMT" skipped="0" hostname="LAPTOP-OB639NRA" errors="0">
  <testcase name="postUser" time="0.828" classname="Day1.Day1_Intro"/>
  <testcase name="updateUser" time="0.457" classname="Day1.Day1_Intro"/>
  <testcase name="addUser" time="2.742" classname="Day1.Day1_Intro"/>
  <testcase name="deleteUser" time="0.622" classname="Day1.Day1_Intro"/>
</testsuite> <!-- Day1.Day1_Intro -->
