<?xml version="1.0" encoding="UTF-8"?>
<!-- Generated by org.testng.reporters.JUnitReportReporter -->
<testsuite name="Day3.Header" tests="1" time="1.973" ignored="0" failures="0" timestamp="04 Apr 2024 12:30:19 GMT" skipped="0" hostname="LAPTOP-OB639NRA" errors="0">
  <testcase name="getHeaders" time="1.973" classname="Day3.Header"/>
</testsuite> <!-- Day3.Header -->
