<?xml version="1.0" encoding="UTF-8"?>
<!-- Generated by org.testng.reporters.JUnitReportReporter -->
<testsuite name="Day6.SerializationDeserialization" tests="2" time="0.335" ignored="0" failures="0" timestamp="08 Apr 2024 13:45:32 GMT" skipped="0" hostname="LAPTOP-OB639NRA" errors="0">
  <testcase name="jsonPOJO" time="0.278" classname="Day6.SerializationDeserialization"/>
  <testcase name="pojoJSON" time="0.057" classname="Day6.SerializationDeserialization"/>
</testsuite> <!-- Day6.SerializationDeserialization -->
